<?xml version="1.0" encoding="UTF-8"?>
<!-- Generated by org.testng.reporters.JUnitXMLReporter -->
<testsuite ignored="0" hostname="RajanikanthLAPTOP-GIR9N5MH" failures="0" tests="5" name="Default test" time="0.09" errors="0" timestamp="2022-05-26T09:12:12 IST">
  <testcase classname="JavaStreams.Streamsmethods" name="IntStream" time="0.012"/>
  <testcase classname="JavaStreams.Streamsmethods" name="Regular" time="0.002"/>
  <testcase classname="JavaStreams.Streamsmethods" name="StreamCollect" time="0.005"/>
  <testcase classname="JavaStreams.Streamsmethods" name="StreamMap" time="0.005"/>
  <testcase classname="JavaStreams.Streamsmethods" name="StreamMerging" time="0.002"/>
</testsuite> <!-- Default test -->
