<?xml version="1.0" encoding="UTF-8"?>
<!-- Generated by org.testng.reporters.JUnitXMLReporter -->
<testsuite ignored="0" hostname="RajanikanthLAPTOP-GIR9N5MH" failures="1" tests="6" name="Test" time="0.06" errors="0" timestamp="2022-07-05T22:56:34 IST">
  <testcase classname="guruMobile.GuruDay1" name="@AfterTest tearDown" time="0.001">
    <failure type="java.lang.NullPointerException" message="Cannot invoke &amp;quot;org.openqa.selenium.WebDriver.quit()&amp;quot; because &amp;quot;this.driver&amp;quot; is null">
      <![CDATA[java.lang.NullPointerException: Cannot invoke "org.openqa.selenium.WebDriver.quit()" because "this.driver" is null
at guruMobile.GuruDay1.tearDown(GuruDay1.java:65)
... Removed 24 stack frames]]>
    </failure>
  </testcase> <!-- @AfterTest tearDown -->
  <testcase classname="JavaStreams.Streamsmethods" name="IntStream" time="0.008"/>
  <testcase classname="JavaStreams.Streamsmethods" name="Regular" time="0.003"/>
  <testcase classname="JavaStreams.Streamsmethods" name="StreamCollect" time="0.003"/>
  <testcase classname="JavaStreams.Streamsmethods" name="StreamMap" time="0.002"/>
  <testcase classname="JavaStreams.Streamsmethods" name="StreamMerging" time="0.002"/>
  <testcase classname="guruMobile.GuruDay1" name="testDay1TestCase1" time="0.003">
    <failure type="java.lang.NullPointerException" message="Cannot invoke &amp;quot;org.openqa.selenium.WebDriver.get(String)&amp;quot; because &amp;quot;this.driver&amp;quot; is null">
      <![CDATA[java.lang.NullPointerException: Cannot invoke "org.openqa.selenium.WebDriver.get(String)" because "this.driver" is null
at guruMobile.GuruDay1.testDay1TestCase1(GuruDay1.java:37)
at java.base/java.util.ArrayList.forEach(ArrayList.java:1511)
... Removed 27 stack frames]]>
    </failure>
  </testcase> <!-- testDay1TestCase1 -->
</testsuite> <!-- Test -->
